Terminals unused in grammar

   LABELNAME
   DELIM
   QUOTE
   EOFF


State 1 conflicts: 1 shift/reduce
State 74 conflicts: 1 shift/reduce
State 106 conflicts: 1 shift/reduce


Grammar

    0 $accept: program $end

    1 program: /* empty */
    2        | commands

    3 commands: commands command
    4         | command

    5 command: decl
    6        | action
    7        | control

    8 decl: decl_var
    9     | decl_func
   10     | decl_ref
   11     | decl_label

   12 type: STRING
   13     | INTEGER

   14 decl_var: namelist COLON STRING SEMICOLON
   15         | namelist COLON INTEGER SEMICOLON

   16 namelist: namelist COMA NAME
   17         | NAME

   18 decl_ref: NAME REF NAME COLON type SEMICOLON

   19 decl_label: LABEL NAME SEMICOLON

   20 $@1: /* empty */

   21 decl_func: NAME COLON INTEGER OBRACE $@1 chain_param CBRACE func_block
   22          | NAME COLON STRING OBRACE chain_param CBRACE func_block

   23 chain_param: /* empty */
   24            | chain_param namelist_decl COLON INTEGER
   25            | chain_param namelist_decl COLON INTEGER SEMICOLON
   26            | chain_param namelist_decl COLON STRING
   27            | chain_param namelist_decl COLON STRING SEMICOLON
   28            | chain_param NAME REF COLON INTEGER SEMICOLON
   29            | chain_param NAME REF COLON INTEGER
   30            | chain_param NAME REF COLON STRING
   31            | NAME REF COLON INTEGER
   32            | NAME REF COLON INTEGER SEMICOLON
   33            | NAME REF COLON STRING
   34            | namelist_decl COLON INTEGER SEMICOLON
   35            | namelist_decl COLON INTEGER
   36            | namelist_decl COLON STRING SEMICOLON
   37            | namelist_decl COLON STRING

   38 namelist_decl: namelist_decl COMA NAME
   39              | NAME

   40 block: BLOCK commands KCOLB

   41 $@2: /* empty */

   42 $@3: /* empty */

   43 func_block: BLOCK $@2 program RETURN expr $@3 SEMICOLON KCOLB

   44 action: assign
   45       | io
   46       | goto

   47 assign: NAME ASSIGN expr SEMICOLON

   48 io: READ OBRACE NAME CBRACE SEMICOLON
   49   | WRITE OBRACE NAME CBRACE SEMICOLON
   50   | WRITE OBRACE NUMBER CBRACE SEMICOLON

   51 goto: GOTO NAME SEMICOLON

   52 expr: expr MUL expr
   53     | expr DIV expr
   54     | expr ADD expr
   55     | expr SUB expr
   56     | expr AND expr
   57     | expr OR expr
   58     | expr LT expr
   59     | expr LE expr
   60     | expr GT expr
   61     | expr GE expr
   62     | expr EQ expr
   63     | expr NE expr
   64     | NOT expr
   65     | OBRACE expr CBRACE
   66     | NUMBER
   67     | STRINGCONST
   68     | STRINGCONST RECOPENBRACE expr RECCLOSEBRACE
   69     | NAME
   70     | NAME RECOPENBRACE expr RECCLOSEBRACE

   71 $@4: /* empty */

   72 expr: NAME OBRACE $@4 act_params CBRACE

   73 act_params: /* empty */
   74           | act_params COMA expr
   75           | expr

   76 control: cond
   77        | cycle

   78 $@5: /* empty */

   79 $@6: /* empty */

   80 cond: IF expr $@5 THEN block $@6 ELSE block

   81 $@7: /* empty */

   82 $@8: /* empty */

   83 cycle: $@7 WHILE expr $@8 LOOP commands POOL


Terminals, with rules where they appear

$end (0) 0
error (256)
NUMBER (258) 50 66
NAME (259) 16 17 18 19 21 22 28 29 30 31 32 33 38 39 47 48 49 51 69
    70 72
LABELNAME (260)
REF (261) 18 28 29 30 31 32 33
COLON (262) 14 15 18 21 22 24 25 26 27 28 29 30 31 32 33 34 35 36 37
SEMICOLON (263) 14 15 18 19 25 27 28 32 34 36 43 47 48 49 50 51
DELIM (264)
STRINGCONST (265) 67 68
QUOTE (266)
STRING (267) 12 14 22 26 27 30 33 36 37
INTEGER (268) 13 15 21 24 25 28 29 31 32 34 35
COMA (269) 16 38 74
RETURN (270) 43
ASSIGN (271) 47
IF (272) 80
WHILE (273) 83
LOOP (274) 83
POOL (275) 83
READ (276) 48
WRITE (277) 49 50
EOFF (278)
LABEL (279) 19
RECOPENBRACE (280) 68 70
RECCLOSEBRACE (281) 68 70
BLOCK (282) 40 43
KCOLB (283) 40 43
THEN (284) 80
ELSE (285) 80
GOTO (286) 51
OBRACE (287) 21 22 48 49 50 65 72
CBRACE (288) 21 22 48 49 50 65 72
OR (289) 57
AND (290) 56
NOT (291) 64
NE (292) 63
EQ (293) 62
GE (294) 61
LE (295) 59
GT (296) 60
LT (297) 58
SUB (298) 55
ADD (299) 54
DIV (300) 53
MUL (301) 52


Nonterminals, with rules where they appear

$accept (47)
    on left: 0
program (48)
    on left: 1 2, on right: 0 43
commands (49)
    on left: 3 4, on right: 2 3 40 83
command (50)
    on left: 5 6 7, on right: 3 4
decl (51)
    on left: 8 9 10 11, on right: 5
type (52)
    on left: 12 13, on right: 18
decl_var (53)
    on left: 14 15, on right: 8
namelist (54)
    on left: 16 17, on right: 14 15 16
decl_ref (55)
    on left: 18, on right: 10
decl_label (56)
    on left: 19, on right: 11
decl_func (57)
    on left: 21 22, on right: 9
$@1 (58)
    on left: 20, on right: 21
chain_param (59)
    on left: 23 24 25 26 27 28 29 30 31 32 33 34 35 36 37, on right:
    21 22 24 25 26 27 28 29 30
namelist_decl (60)
    on left: 38 39, on right: 24 25 26 27 34 35 36 37 38
block (61)
    on left: 40, on right: 80
func_block (62)
    on left: 43, on right: 21 22
$@2 (63)
    on left: 41, on right: 43
$@3 (64)
    on left: 42, on right: 43
action (65)
    on left: 44 45 46, on right: 6
assign (66)
    on left: 47, on right: 44
io (67)
    on left: 48 49 50, on right: 45
goto (68)
    on left: 51, on right: 46
expr (69)
    on left: 52 53 54 55 56 57 58 59 60 61 62 63 64 65 66 67 68 69
    70 72, on right: 43 47 52 53 54 55 56 57 58 59 60 61 62 63 64 65
    68 70 74 75 80 83
$@4 (70)
    on left: 71, on right: 72
act_params (71)
    on left: 73 74 75, on right: 72 74
control (72)
    on left: 76 77, on right: 7
cond (73)
    on left: 80, on right: 76
$@5 (74)
    on left: 78, on right: 80
$@6 (75)
    on left: 79, on right: 80
cycle (76)
    on left: 83, on right: 77
$@7 (77)
    on left: 81, on right: 83
$@8 (78)
    on left: 82, on right: 83


state 0

    0 $accept: . program $end

    NAME   shift, and go to state 1
    IF     shift, and go to state 2
    READ   shift, and go to state 3
    WRITE  shift, and go to state 4
    LABEL  shift, and go to state 5
    GOTO   shift, and go to state 6

    WHILE     reduce using rule 81 ($@7)
    $default  reduce using rule 1 (program)

    program     go to state 7
    commands    go to state 8
    command     go to state 9
    decl        go to state 10
    decl_var    go to state 11
    namelist    go to state 12
    decl_ref    go to state 13
    decl_label  go to state 14
    decl_func   go to state 15
    action      go to state 16
    assign      go to state 17
    io          go to state 18
    goto        go to state 19
    control     go to state 20
    cond        go to state 21
    cycle       go to state 22
    $@7         go to state 23


state 1

   17 namelist: NAME .
   18 decl_ref: NAME . REF NAME COLON type SEMICOLON
   21 decl_func: NAME . COLON INTEGER OBRACE $@1 chain_param CBRACE func_block
   22          | NAME . COLON STRING OBRACE chain_param CBRACE func_block
   47 assign: NAME . ASSIGN expr SEMICOLON

    REF     shift, and go to state 24
    COLON   shift, and go to state 25
    ASSIGN  shift, and go to state 26

    COLON     [reduce using rule 17 (namelist)]
    $default  reduce using rule 17 (namelist)


state 2

   80 cond: IF . expr $@5 THEN block $@6 ELSE block

    NUMBER       shift, and go to state 27
    NAME         shift, and go to state 28
    STRINGCONST  shift, and go to state 29
    OBRACE       shift, and go to state 30
    NOT          shift, and go to state 31

    expr  go to state 32


state 3

   48 io: READ . OBRACE NAME CBRACE SEMICOLON

    OBRACE  shift, and go to state 33


state 4

   49 io: WRITE . OBRACE NAME CBRACE SEMICOLON
   50   | WRITE . OBRACE NUMBER CBRACE SEMICOLON

    OBRACE  shift, and go to state 34


state 5

   19 decl_label: LABEL . NAME SEMICOLON

    NAME  shift, and go to state 35


state 6

   51 goto: GOTO . NAME SEMICOLON

    NAME  shift, and go to state 36


state 7

    0 $accept: program . $end

    $end  shift, and go to state 37


state 8

    2 program: commands .
    3 commands: commands . command

    NAME   shift, and go to state 1
    IF     shift, and go to state 2
    READ   shift, and go to state 3
    WRITE  shift, and go to state 4
    LABEL  shift, and go to state 5
    GOTO   shift, and go to state 6

    WHILE     reduce using rule 81 ($@7)
    $default  reduce using rule 2 (program)

    command     go to state 38
    decl        go to state 10
    decl_var    go to state 11
    namelist    go to state 12
    decl_ref    go to state 13
    decl_label  go to state 14
    decl_func   go to state 15
    action      go to state 16
    assign      go to state 17
    io          go to state 18
    goto        go to state 19
    control     go to state 20
    cond        go to state 21
    cycle       go to state 22
    $@7         go to state 23


state 9

    4 commands: command .

    $default  reduce using rule 4 (commands)


state 10

    5 command: decl .

    $default  reduce using rule 5 (command)


state 11

    8 decl: decl_var .

    $default  reduce using rule 8 (decl)


state 12

   14 decl_var: namelist . COLON STRING SEMICOLON
   15         | namelist . COLON INTEGER SEMICOLON
   16 namelist: namelist . COMA NAME

    COLON  shift, and go to state 39
    COMA   shift, and go to state 40


state 13

   10 decl: decl_ref .

    $default  reduce using rule 10 (decl)


state 14

   11 decl: decl_label .

    $default  reduce using rule 11 (decl)


state 15

    9 decl: decl_func .

    $default  reduce using rule 9 (decl)


state 16

    6 command: action .

    $default  reduce using rule 6 (command)


state 17

   44 action: assign .

    $default  reduce using rule 44 (action)


state 18

   45 action: io .

    $default  reduce using rule 45 (action)


state 19

   46 action: goto .

    $default  reduce using rule 46 (action)


state 20

    7 command: control .

    $default  reduce using rule 7 (command)


state 21

   76 control: cond .

    $default  reduce using rule 76 (control)


state 22

   77 control: cycle .

    $default  reduce using rule 77 (control)


state 23

   83 cycle: $@7 . WHILE expr $@8 LOOP commands POOL

    WHILE  shift, and go to state 41


state 24

   18 decl_ref: NAME REF . NAME COLON type SEMICOLON

    NAME  shift, and go to state 42


state 25

   21 decl_func: NAME COLON . INTEGER OBRACE $@1 chain_param CBRACE func_block
   22          | NAME COLON . STRING OBRACE chain_param CBRACE func_block

    STRING   shift, and go to state 43
    INTEGER  shift, and go to state 44


state 26

   47 assign: NAME ASSIGN . expr SEMICOLON

    NUMBER       shift, and go to state 27
    NAME         shift, and go to state 28
    STRINGCONST  shift, and go to state 29
    OBRACE       shift, and go to state 30
    NOT          shift, and go to state 31

    expr  go to state 45


state 27

   66 expr: NUMBER .

    $default  reduce using rule 66 (expr)


state 28

   69 expr: NAME .
   70     | NAME . RECOPENBRACE expr RECCLOSEBRACE
   72     | NAME . OBRACE $@4 act_params CBRACE

    RECOPENBRACE  shift, and go to state 46
    OBRACE        shift, and go to state 47

    $default  reduce using rule 69 (expr)


state 29

   67 expr: STRINGCONST .
   68     | STRINGCONST . RECOPENBRACE expr RECCLOSEBRACE

    RECOPENBRACE  shift, and go to state 48

    $default  reduce using rule 67 (expr)


state 30

   65 expr: OBRACE . expr CBRACE

    NUMBER       shift, and go to state 27
    NAME         shift, and go to state 28
    STRINGCONST  shift, and go to state 29
    OBRACE       shift, and go to state 30
    NOT          shift, and go to state 31

    expr  go to state 49


state 31

   64 expr: NOT . expr

    NUMBER       shift, and go to state 27
    NAME         shift, and go to state 28
    STRINGCONST  shift, and go to state 29
    OBRACE       shift, and go to state 30
    NOT          shift, and go to state 31

    expr  go to state 50


state 32

   52 expr: expr . MUL expr
   53     | expr . DIV expr
   54     | expr . ADD expr
   55     | expr . SUB expr
   56     | expr . AND expr
   57     | expr . OR expr
   58     | expr . LT expr
   59     | expr . LE expr
   60     | expr . GT expr
   61     | expr . GE expr
   62     | expr . EQ expr
   63     | expr . NE expr
   80 cond: IF expr . $@5 THEN block $@6 ELSE block

    OR   shift, and go to state 51
    AND  shift, and go to state 52
    NE   shift, and go to state 53
    EQ   shift, and go to state 54
    GE   shift, and go to state 55
    LE   shift, and go to state 56
    GT   shift, and go to state 57
    LT   shift, and go to state 58
    SUB  shift, and go to state 59
    ADD  shift, and go to state 60
    DIV  shift, and go to state 61
    MUL  shift, and go to state 62

    $default  reduce using rule 78 ($@5)

    $@5  go to state 63


state 33

   48 io: READ OBRACE . NAME CBRACE SEMICOLON

    NAME  shift, and go to state 64


state 34

   49 io: WRITE OBRACE . NAME CBRACE SEMICOLON
   50   | WRITE OBRACE . NUMBER CBRACE SEMICOLON

    NUMBER  shift, and go to state 65
    NAME    shift, and go to state 66


state 35

   19 decl_label: LABEL NAME . SEMICOLON

    SEMICOLON  shift, and go to state 67


state 36

   51 goto: GOTO NAME . SEMICOLON

    SEMICOLON  shift, and go to state 68


state 37

    0 $accept: program $end .

    $default  accept


state 38

    3 commands: commands command .

    $default  reduce using rule 3 (commands)


state 39

   14 decl_var: namelist COLON . STRING SEMICOLON
   15         | namelist COLON . INTEGER SEMICOLON

    STRING   shift, and go to state 69
    INTEGER  shift, and go to state 70


state 40

   16 namelist: namelist COMA . NAME

    NAME  shift, and go to state 71


state 41

   83 cycle: $@7 WHILE . expr $@8 LOOP commands POOL

    NUMBER       shift, and go to state 27
    NAME         shift, and go to state 28
    STRINGCONST  shift, and go to state 29
    OBRACE       shift, and go to state 30
    NOT          shift, and go to state 31

    expr  go to state 72


state 42

   18 decl_ref: NAME REF NAME . COLON type SEMICOLON

    COLON  shift, and go to state 73


state 43

   22 decl_func: NAME COLON STRING . OBRACE chain_param CBRACE func_block

    OBRACE  shift, and go to state 74


state 44

   21 decl_func: NAME COLON INTEGER . OBRACE $@1 chain_param CBRACE func_block

    OBRACE  shift, and go to state 75


state 45

   47 assign: NAME ASSIGN expr . SEMICOLON
   52 expr: expr . MUL expr
   53     | expr . DIV expr
   54     | expr . ADD expr
   55     | expr . SUB expr
   56     | expr . AND expr
   57     | expr . OR expr
   58     | expr . LT expr
   59     | expr . LE expr
   60     | expr . GT expr
   61     | expr . GE expr
   62     | expr . EQ expr
   63     | expr . NE expr

    SEMICOLON  shift, and go to state 76
    OR         shift, and go to state 51
    AND        shift, and go to state 52
    NE         shift, and go to state 53
    EQ         shift, and go to state 54
    GE         shift, and go to state 55
    LE         shift, and go to state 56
    GT         shift, and go to state 57
    LT         shift, and go to state 58
    SUB        shift, and go to state 59
    ADD        shift, and go to state 60
    DIV        shift, and go to state 61
    MUL        shift, and go to state 62


state 46

   70 expr: NAME RECOPENBRACE . expr RECCLOSEBRACE

    NUMBER       shift, and go to state 27
    NAME         shift, and go to state 28
    STRINGCONST  shift, and go to state 29
    OBRACE       shift, and go to state 30
    NOT          shift, and go to state 31

    expr  go to state 77


state 47

   72 expr: NAME OBRACE . $@4 act_params CBRACE

    $default  reduce using rule 71 ($@4)

    $@4  go to state 78


state 48

   68 expr: STRINGCONST RECOPENBRACE . expr RECCLOSEBRACE

    NUMBER       shift, and go to state 27
    NAME         shift, and go to state 28
    STRINGCONST  shift, and go to state 29
    OBRACE       shift, and go to state 30
    NOT          shift, and go to state 31

    expr  go to state 79


state 49

   52 expr: expr . MUL expr
   53     | expr . DIV expr
   54     | expr . ADD expr
   55     | expr . SUB expr
   56     | expr . AND expr
   57     | expr . OR expr
   58     | expr . LT expr
   59     | expr . LE expr
   60     | expr . GT expr
   61     | expr . GE expr
   62     | expr . EQ expr
   63     | expr . NE expr
   65     | OBRACE expr . CBRACE

    CBRACE  shift, and go to state 80
    OR      shift, and go to state 51
    AND     shift, and go to state 52
    NE      shift, and go to state 53
    EQ      shift, and go to state 54
    GE      shift, and go to state 55
    LE      shift, and go to state 56
    GT      shift, and go to state 57
    LT      shift, and go to state 58
    SUB     shift, and go to state 59
    ADD     shift, and go to state 60
    DIV     shift, and go to state 61
    MUL     shift, and go to state 62


state 50

   52 expr: expr . MUL expr
   53     | expr . DIV expr
   54     | expr . ADD expr
   55     | expr . SUB expr
   56     | expr . AND expr
   57     | expr . OR expr
   58     | expr . LT expr
   59     | expr . LE expr
   60     | expr . GT expr
   61     | expr . GE expr
   62     | expr . EQ expr
   63     | expr . NE expr
   64     | NOT expr .

    NE   shift, and go to state 53
    EQ   shift, and go to state 54
    GE   shift, and go to state 55
    LE   shift, and go to state 56
    GT   shift, and go to state 57
    LT   shift, and go to state 58
    SUB  shift, and go to state 59
    ADD  shift, and go to state 60
    DIV  shift, and go to state 61
    MUL  shift, and go to state 62

    $default  reduce using rule 64 (expr)


state 51

   57 expr: expr OR . expr

    NUMBER       shift, and go to state 27
    NAME         shift, and go to state 28
    STRINGCONST  shift, and go to state 29
    OBRACE       shift, and go to state 30
    NOT          shift, and go to state 31

    expr  go to state 81


state 52

   56 expr: expr AND . expr

    NUMBER       shift, and go to state 27
    NAME         shift, and go to state 28
    STRINGCONST  shift, and go to state 29
    OBRACE       shift, and go to state 30
    NOT          shift, and go to state 31

    expr  go to state 82


state 53

   63 expr: expr NE . expr

    NUMBER       shift, and go to state 27
    NAME         shift, and go to state 28
    STRINGCONST  shift, and go to state 29
    OBRACE       shift, and go to state 30
    NOT          shift, and go to state 31

    expr  go to state 83


state 54

   62 expr: expr EQ . expr

    NUMBER       shift, and go to state 27
    NAME         shift, and go to state 28
    STRINGCONST  shift, and go to state 29
    OBRACE       shift, and go to state 30
    NOT          shift, and go to state 31

    expr  go to state 84


state 55

   61 expr: expr GE . expr

    NUMBER       shift, and go to state 27
    NAME         shift, and go to state 28
    STRINGCONST  shift, and go to state 29
    OBRACE       shift, and go to state 30
    NOT          shift, and go to state 31

    expr  go to state 85


state 56

   59 expr: expr LE . expr

    NUMBER       shift, and go to state 27
    NAME         shift, and go to state 28
    STRINGCONST  shift, and go to state 29
    OBRACE       shift, and go to state 30
    NOT          shift, and go to state 31

    expr  go to state 86


state 57

   60 expr: expr GT . expr

    NUMBER       shift, and go to state 27
    NAME         shift, and go to state 28
    STRINGCONST  shift, and go to state 29
    OBRACE       shift, and go to state 30
    NOT          shift, and go to state 31

    expr  go to state 87


state 58

   58 expr: expr LT . expr

    NUMBER       shift, and go to state 27
    NAME         shift, and go to state 28
    STRINGCONST  shift, and go to state 29
    OBRACE       shift, and go to state 30
    NOT          shift, and go to state 31

    expr  go to state 88


state 59

   55 expr: expr SUB . expr

    NUMBER       shift, and go to state 27
    NAME         shift, and go to state 28
    STRINGCONST  shift, and go to state 29
    OBRACE       shift, and go to state 30
    NOT          shift, and go to state 31

    expr  go to state 89


state 60

   54 expr: expr ADD . expr

    NUMBER       shift, and go to state 27
    NAME         shift, and go to state 28
    STRINGCONST  shift, and go to state 29
    OBRACE       shift, and go to state 30
    NOT          shift, and go to state 31

    expr  go to state 90


state 61

   53 expr: expr DIV . expr

    NUMBER       shift, and go to state 27
    NAME         shift, and go to state 28
    STRINGCONST  shift, and go to state 29
    OBRACE       shift, and go to state 30
    NOT          shift, and go to state 31

    expr  go to state 91


state 62

   52 expr: expr MUL . expr

    NUMBER       shift, and go to state 27
    NAME         shift, and go to state 28
    STRINGCONST  shift, and go to state 29
    OBRACE       shift, and go to state 30
    NOT          shift, and go to state 31

    expr  go to state 92


state 63

   80 cond: IF expr $@5 . THEN block $@6 ELSE block

    THEN  shift, and go to state 93


state 64

   48 io: READ OBRACE NAME . CBRACE SEMICOLON

    CBRACE  shift, and go to state 94


state 65

   50 io: WRITE OBRACE NUMBER . CBRACE SEMICOLON

    CBRACE  shift, and go to state 95


state 66

   49 io: WRITE OBRACE NAME . CBRACE SEMICOLON

    CBRACE  shift, and go to state 96


state 67

   19 decl_label: LABEL NAME SEMICOLON .

    $default  reduce using rule 19 (decl_label)


state 68

   51 goto: GOTO NAME SEMICOLON .

    $default  reduce using rule 51 (goto)


state 69

   14 decl_var: namelist COLON STRING . SEMICOLON

    SEMICOLON  shift, and go to state 97


state 70

   15 decl_var: namelist COLON INTEGER . SEMICOLON

    SEMICOLON  shift, and go to state 98


state 71

   16 namelist: namelist COMA NAME .

    $default  reduce using rule 16 (namelist)


state 72

   52 expr: expr . MUL expr
   53     | expr . DIV expr
   54     | expr . ADD expr
   55     | expr . SUB expr
   56     | expr . AND expr
   57     | expr . OR expr
   58     | expr . LT expr
   59     | expr . LE expr
   60     | expr . GT expr
   61     | expr . GE expr
   62     | expr . EQ expr
   63     | expr . NE expr
   83 cycle: $@7 WHILE expr . $@8 LOOP commands POOL

    OR   shift, and go to state 51
    AND  shift, and go to state 52
    NE   shift, and go to state 53
    EQ   shift, and go to state 54
    GE   shift, and go to state 55
    LE   shift, and go to state 56
    GT   shift, and go to state 57
    LT   shift, and go to state 58
    SUB  shift, and go to state 59
    ADD  shift, and go to state 60
    DIV  shift, and go to state 61
    MUL  shift, and go to state 62

    $default  reduce using rule 82 ($@8)

    $@8  go to state 99


state 73

   18 decl_ref: NAME REF NAME COLON . type SEMICOLON

    STRING   shift, and go to state 100
    INTEGER  shift, and go to state 101

    type  go to state 102


state 74

   22 decl_func: NAME COLON STRING OBRACE . chain_param CBRACE func_block

    NAME  shift, and go to state 103

    NAME      [reduce using rule 23 (chain_param)]
    $default  reduce using rule 23 (chain_param)

    chain_param    go to state 104
    namelist_decl  go to state 105


state 75

   21 decl_func: NAME COLON INTEGER OBRACE . $@1 chain_param CBRACE func_block

    $default  reduce using rule 20 ($@1)

    $@1  go to state 106


state 76

   47 assign: NAME ASSIGN expr SEMICOLON .

    $default  reduce using rule 47 (assign)


state 77

   52 expr: expr . MUL expr
   53     | expr . DIV expr
   54     | expr . ADD expr
   55     | expr . SUB expr
   56     | expr . AND expr
   57     | expr . OR expr
   58     | expr . LT expr
   59     | expr . LE expr
   60     | expr . GT expr
   61     | expr . GE expr
   62     | expr . EQ expr
   63     | expr . NE expr
   70     | NAME RECOPENBRACE expr . RECCLOSEBRACE

    RECCLOSEBRACE  shift, and go to state 107
    OR             shift, and go to state 51
    AND            shift, and go to state 52
    NE             shift, and go to state 53
    EQ             shift, and go to state 54
    GE             shift, and go to state 55
    LE             shift, and go to state 56
    GT             shift, and go to state 57
    LT             shift, and go to state 58
    SUB            shift, and go to state 59
    ADD            shift, and go to state 60
    DIV            shift, and go to state 61
    MUL            shift, and go to state 62


state 78

   72 expr: NAME OBRACE $@4 . act_params CBRACE

    NUMBER       shift, and go to state 27
    NAME         shift, and go to state 28
    STRINGCONST  shift, and go to state 29
    OBRACE       shift, and go to state 30
    NOT          shift, and go to state 31

    $default  reduce using rule 73 (act_params)

    expr        go to state 108
    act_params  go to state 109


state 79

   52 expr: expr . MUL expr
   53     | expr . DIV expr
   54     | expr . ADD expr
   55     | expr . SUB expr
   56     | expr . AND expr
   57     | expr . OR expr
   58     | expr . LT expr
   59     | expr . LE expr
   60     | expr . GT expr
   61     | expr . GE expr
   62     | expr . EQ expr
   63     | expr . NE expr
   68     | STRINGCONST RECOPENBRACE expr . RECCLOSEBRACE

    RECCLOSEBRACE  shift, and go to state 110
    OR             shift, and go to state 51
    AND            shift, and go to state 52
    NE             shift, and go to state 53
    EQ             shift, and go to state 54
    GE             shift, and go to state 55
    LE             shift, and go to state 56
    GT             shift, and go to state 57
    LT             shift, and go to state 58
    SUB            shift, and go to state 59
    ADD            shift, and go to state 60
    DIV            shift, and go to state 61
    MUL            shift, and go to state 62


state 80

   65 expr: OBRACE expr CBRACE .

    $default  reduce using rule 65 (expr)


state 81

   52 expr: expr . MUL expr
   53     | expr . DIV expr
   54     | expr . ADD expr
   55     | expr . SUB expr
   56     | expr . AND expr
   57     | expr . OR expr
   57     | expr OR expr .
   58     | expr . LT expr
   59     | expr . LE expr
   60     | expr . GT expr
   61     | expr . GE expr
   62     | expr . EQ expr
   63     | expr . NE expr

    NE   shift, and go to state 53
    EQ   shift, and go to state 54
    GE   shift, and go to state 55
    LE   shift, and go to state 56
    GT   shift, and go to state 57
    LT   shift, and go to state 58
    SUB  shift, and go to state 59
    ADD  shift, and go to state 60
    DIV  shift, and go to state 61
    MUL  shift, and go to state 62

    $default  reduce using rule 57 (expr)


state 82

   52 expr: expr . MUL expr
   53     | expr . DIV expr
   54     | expr . ADD expr
   55     | expr . SUB expr
   56     | expr . AND expr
   56     | expr AND expr .
   57     | expr . OR expr
   58     | expr . LT expr
   59     | expr . LE expr
   60     | expr . GT expr
   61     | expr . GE expr
   62     | expr . EQ expr
   63     | expr . NE expr

    NE   shift, and go to state 53
    EQ   shift, and go to state 54
    GE   shift, and go to state 55
    LE   shift, and go to state 56
    GT   shift, and go to state 57
    LT   shift, and go to state 58
    SUB  shift, and go to state 59
    ADD  shift, and go to state 60
    DIV  shift, and go to state 61
    MUL  shift, and go to state 62

    $default  reduce using rule 56 (expr)


state 83

   52 expr: expr . MUL expr
   53     | expr . DIV expr
   54     | expr . ADD expr
   55     | expr . SUB expr
   56     | expr . AND expr
   57     | expr . OR expr
   58     | expr . LT expr
   59     | expr . LE expr
   60     | expr . GT expr
   61     | expr . GE expr
   62     | expr . EQ expr
   63     | expr . NE expr
   63     | expr NE expr .

    SUB  shift, and go to state 59
    ADD  shift, and go to state 60
    DIV  shift, and go to state 61
    MUL  shift, and go to state 62

    $default  reduce using rule 63 (expr)


state 84

   52 expr: expr . MUL expr
   53     | expr . DIV expr
   54     | expr . ADD expr
   55     | expr . SUB expr
   56     | expr . AND expr
   57     | expr . OR expr
   58     | expr . LT expr
   59     | expr . LE expr
   60     | expr . GT expr
   61     | expr . GE expr
   62     | expr . EQ expr
   62     | expr EQ expr .
   63     | expr . NE expr

    SUB  shift, and go to state 59
    ADD  shift, and go to state 60
    DIV  shift, and go to state 61
    MUL  shift, and go to state 62

    $default  reduce using rule 62 (expr)


state 85

   52 expr: expr . MUL expr
   53     | expr . DIV expr
   54     | expr . ADD expr
   55     | expr . SUB expr
   56     | expr . AND expr
   57     | expr . OR expr
   58     | expr . LT expr
   59     | expr . LE expr
   60     | expr . GT expr
   61     | expr . GE expr
   61     | expr GE expr .
   62     | expr . EQ expr
   63     | expr . NE expr

    SUB  shift, and go to state 59
    ADD  shift, and go to state 60
    DIV  shift, and go to state 61
    MUL  shift, and go to state 62

    $default  reduce using rule 61 (expr)


state 86

   52 expr: expr . MUL expr
   53     | expr . DIV expr
   54     | expr . ADD expr
   55     | expr . SUB expr
   56     | expr . AND expr
   57     | expr . OR expr
   58     | expr . LT expr
   59     | expr . LE expr
   59     | expr LE expr .
   60     | expr . GT expr
   61     | expr . GE expr
   62     | expr . EQ expr
   63     | expr . NE expr

    SUB  shift, and go to state 59
    ADD  shift, and go to state 60
    DIV  shift, and go to state 61
    MUL  shift, and go to state 62

    $default  reduce using rule 59 (expr)


state 87

   52 expr: expr . MUL expr
   53     | expr . DIV expr
   54     | expr . ADD expr
   55     | expr . SUB expr
   56     | expr . AND expr
   57     | expr . OR expr
   58     | expr . LT expr
   59     | expr . LE expr
   60     | expr . GT expr
   60     | expr GT expr .
   61     | expr . GE expr
   62     | expr . EQ expr
   63     | expr . NE expr

    SUB  shift, and go to state 59
    ADD  shift, and go to state 60
    DIV  shift, and go to state 61
    MUL  shift, and go to state 62

    $default  reduce using rule 60 (expr)


state 88

   52 expr: expr . MUL expr
   53     | expr . DIV expr
   54     | expr . ADD expr
   55     | expr . SUB expr
   56     | expr . AND expr
   57     | expr . OR expr
   58     | expr . LT expr
   58     | expr LT expr .
   59     | expr . LE expr
   60     | expr . GT expr
   61     | expr . GE expr
   62     | expr . EQ expr
   63     | expr . NE expr

    SUB  shift, and go to state 59
    ADD  shift, and go to state 60
    DIV  shift, and go to state 61
    MUL  shift, and go to state 62

    $default  reduce using rule 58 (expr)


state 89

   52 expr: expr . MUL expr
   53     | expr . DIV expr
   54     | expr . ADD expr
   55     | expr . SUB expr
   55     | expr SUB expr .
   56     | expr . AND expr
   57     | expr . OR expr
   58     | expr . LT expr
   59     | expr . LE expr
   60     | expr . GT expr
   61     | expr . GE expr
   62     | expr . EQ expr
   63     | expr . NE expr

    DIV  shift, and go to state 61
    MUL  shift, and go to state 62

    $default  reduce using rule 55 (expr)


state 90

   52 expr: expr . MUL expr
   53     | expr . DIV expr
   54     | expr . ADD expr
   54     | expr ADD expr .
   55     | expr . SUB expr
   56     | expr . AND expr
   57     | expr . OR expr
   58     | expr . LT expr
   59     | expr . LE expr
   60     | expr . GT expr
   61     | expr . GE expr
   62     | expr . EQ expr
   63     | expr . NE expr

    DIV  shift, and go to state 61
    MUL  shift, and go to state 62

    $default  reduce using rule 54 (expr)


state 91

   52 expr: expr . MUL expr
   53     | expr . DIV expr
   53     | expr DIV expr .
   54     | expr . ADD expr
   55     | expr . SUB expr
   56     | expr . AND expr
   57     | expr . OR expr
   58     | expr . LT expr
   59     | expr . LE expr
   60     | expr . GT expr
   61     | expr . GE expr
   62     | expr . EQ expr
   63     | expr . NE expr

    $default  reduce using rule 53 (expr)


state 92

   52 expr: expr . MUL expr
   52     | expr MUL expr .
   53     | expr . DIV expr
   54     | expr . ADD expr
   55     | expr . SUB expr
   56     | expr . AND expr
   57     | expr . OR expr
   58     | expr . LT expr
   59     | expr . LE expr
   60     | expr . GT expr
   61     | expr . GE expr
   62     | expr . EQ expr
   63     | expr . NE expr

    $default  reduce using rule 52 (expr)


state 93

   80 cond: IF expr $@5 THEN . block $@6 ELSE block

    BLOCK  shift, and go to state 111

    block  go to state 112


state 94

   48 io: READ OBRACE NAME CBRACE . SEMICOLON

    SEMICOLON  shift, and go to state 113


state 95

   50 io: WRITE OBRACE NUMBER CBRACE . SEMICOLON

    SEMICOLON  shift, and go to state 114


state 96

   49 io: WRITE OBRACE NAME CBRACE . SEMICOLON

    SEMICOLON  shift, and go to state 115


state 97

   14 decl_var: namelist COLON STRING SEMICOLON .

    $default  reduce using rule 14 (decl_var)


state 98

   15 decl_var: namelist COLON INTEGER SEMICOLON .

    $default  reduce using rule 15 (decl_var)


state 99

   83 cycle: $@7 WHILE expr $@8 . LOOP commands POOL

    LOOP  shift, and go to state 116


state 100

   12 type: STRING .

    $default  reduce using rule 12 (type)


state 101

   13 type: INTEGER .

    $default  reduce using rule 13 (type)


state 102

   18 decl_ref: NAME REF NAME COLON type . SEMICOLON

    SEMICOLON  shift, and go to state 117


state 103

   31 chain_param: NAME . REF COLON INTEGER
   32            | NAME . REF COLON INTEGER SEMICOLON
   33            | NAME . REF COLON STRING
   39 namelist_decl: NAME .

    REF  shift, and go to state 118

    $default  reduce using rule 39 (namelist_decl)


state 104

   22 decl_func: NAME COLON STRING OBRACE chain_param . CBRACE func_block
   24 chain_param: chain_param . namelist_decl COLON INTEGER
   25            | chain_param . namelist_decl COLON INTEGER SEMICOLON
   26            | chain_param . namelist_decl COLON STRING
   27            | chain_param . namelist_decl COLON STRING SEMICOLON
   28            | chain_param . NAME REF COLON INTEGER SEMICOLON
   29            | chain_param . NAME REF COLON INTEGER
   30            | chain_param . NAME REF COLON STRING

    NAME    shift, and go to state 119
    CBRACE  shift, and go to state 120

    namelist_decl  go to state 121


state 105

   34 chain_param: namelist_decl . COLON INTEGER SEMICOLON
   35            | namelist_decl . COLON INTEGER
   36            | namelist_decl . COLON STRING SEMICOLON
   37            | namelist_decl . COLON STRING
   38 namelist_decl: namelist_decl . COMA NAME

    COLON  shift, and go to state 122
    COMA   shift, and go to state 123


state 106

   21 decl_func: NAME COLON INTEGER OBRACE $@1 . chain_param CBRACE func_block

    NAME  shift, and go to state 103

    NAME      [reduce using rule 23 (chain_param)]
    $default  reduce using rule 23 (chain_param)

    chain_param    go to state 124
    namelist_decl  go to state 105


state 107

   70 expr: NAME RECOPENBRACE expr RECCLOSEBRACE .

    $default  reduce using rule 70 (expr)


state 108

   52 expr: expr . MUL expr
   53     | expr . DIV expr
   54     | expr . ADD expr
   55     | expr . SUB expr
   56     | expr . AND expr
   57     | expr . OR expr
   58     | expr . LT expr
   59     | expr . LE expr
   60     | expr . GT expr
   61     | expr . GE expr
   62     | expr . EQ expr
   63     | expr . NE expr
   75 act_params: expr .

    OR   shift, and go to state 51
    AND  shift, and go to state 52
    NE   shift, and go to state 53
    EQ   shift, and go to state 54
    GE   shift, and go to state 55
    LE   shift, and go to state 56
    GT   shift, and go to state 57
    LT   shift, and go to state 58
    SUB  shift, and go to state 59
    ADD  shift, and go to state 60
    DIV  shift, and go to state 61
    MUL  shift, and go to state 62

    $default  reduce using rule 75 (act_params)


state 109

   72 expr: NAME OBRACE $@4 act_params . CBRACE
   74 act_params: act_params . COMA expr

    COMA    shift, and go to state 125
    CBRACE  shift, and go to state 126


state 110

   68 expr: STRINGCONST RECOPENBRACE expr RECCLOSEBRACE .

    $default  reduce using rule 68 (expr)


state 111

   40 block: BLOCK . commands KCOLB

    NAME   shift, and go to state 1
    IF     shift, and go to state 2
    READ   shift, and go to state 3
    WRITE  shift, and go to state 4
    LABEL  shift, and go to state 5
    GOTO   shift, and go to state 6

    $default  reduce using rule 81 ($@7)

    commands    go to state 127
    command     go to state 9
    decl        go to state 10
    decl_var    go to state 11
    namelist    go to state 12
    decl_ref    go to state 13
    decl_label  go to state 14
    decl_func   go to state 15
    action      go to state 16
    assign      go to state 17
    io          go to state 18
    goto        go to state 19
    control     go to state 20
    cond        go to state 21
    cycle       go to state 22
    $@7         go to state 23


state 112

   80 cond: IF expr $@5 THEN block . $@6 ELSE block

    $default  reduce using rule 79 ($@6)

    $@6  go to state 128


state 113

   48 io: READ OBRACE NAME CBRACE SEMICOLON .

    $default  reduce using rule 48 (io)


state 114

   50 io: WRITE OBRACE NUMBER CBRACE SEMICOLON .

    $default  reduce using rule 50 (io)


state 115

   49 io: WRITE OBRACE NAME CBRACE SEMICOLON .

    $default  reduce using rule 49 (io)


state 116

   83 cycle: $@7 WHILE expr $@8 LOOP . commands POOL

    NAME   shift, and go to state 1
    IF     shift, and go to state 2
    READ   shift, and go to state 3
    WRITE  shift, and go to state 4
    LABEL  shift, and go to state 5
    GOTO   shift, and go to state 6

    $default  reduce using rule 81 ($@7)

    commands    go to state 129
    command     go to state 9
    decl        go to state 10
    decl_var    go to state 11
    namelist    go to state 12
    decl_ref    go to state 13
    decl_label  go to state 14
    decl_func   go to state 15
    action      go to state 16
    assign      go to state 17
    io          go to state 18
    goto        go to state 19
    control     go to state 20
    cond        go to state 21
    cycle       go to state 22
    $@7         go to state 23


state 117

   18 decl_ref: NAME REF NAME COLON type SEMICOLON .

    $default  reduce using rule 18 (decl_ref)


state 118

   31 chain_param: NAME REF . COLON INTEGER
   32            | NAME REF . COLON INTEGER SEMICOLON
   33            | NAME REF . COLON STRING

    COLON  shift, and go to state 130


state 119

   28 chain_param: chain_param NAME . REF COLON INTEGER SEMICOLON
   29            | chain_param NAME . REF COLON INTEGER
   30            | chain_param NAME . REF COLON STRING
   39 namelist_decl: NAME .

    REF  shift, and go to state 131

    $default  reduce using rule 39 (namelist_decl)


state 120

   22 decl_func: NAME COLON STRING OBRACE chain_param CBRACE . func_block

    BLOCK  shift, and go to state 132

    func_block  go to state 133


state 121

   24 chain_param: chain_param namelist_decl . COLON INTEGER
   25            | chain_param namelist_decl . COLON INTEGER SEMICOLON
   26            | chain_param namelist_decl . COLON STRING
   27            | chain_param namelist_decl . COLON STRING SEMICOLON
   38 namelist_decl: namelist_decl . COMA NAME

    COLON  shift, and go to state 134
    COMA   shift, and go to state 123


state 122

   34 chain_param: namelist_decl COLON . INTEGER SEMICOLON
   35            | namelist_decl COLON . INTEGER
   36            | namelist_decl COLON . STRING SEMICOLON
   37            | namelist_decl COLON . STRING

    STRING   shift, and go to state 135
    INTEGER  shift, and go to state 136


state 123

   38 namelist_decl: namelist_decl COMA . NAME

    NAME  shift, and go to state 137


state 124

   21 decl_func: NAME COLON INTEGER OBRACE $@1 chain_param . CBRACE func_block
   24 chain_param: chain_param . namelist_decl COLON INTEGER
   25            | chain_param . namelist_decl COLON INTEGER SEMICOLON
   26            | chain_param . namelist_decl COLON STRING
   27            | chain_param . namelist_decl COLON STRING SEMICOLON
   28            | chain_param . NAME REF COLON INTEGER SEMICOLON
   29            | chain_param . NAME REF COLON INTEGER
   30            | chain_param . NAME REF COLON STRING

    NAME    shift, and go to state 119
    CBRACE  shift, and go to state 138

    namelist_decl  go to state 121


state 125

   74 act_params: act_params COMA . expr

    NUMBER       shift, and go to state 27
    NAME         shift, and go to state 28
    STRINGCONST  shift, and go to state 29
    OBRACE       shift, and go to state 30
    NOT          shift, and go to state 31

    expr  go to state 139


state 126

   72 expr: NAME OBRACE $@4 act_params CBRACE .

    $default  reduce using rule 72 (expr)


state 127

    3 commands: commands . command
   40 block: BLOCK commands . KCOLB

    NAME   shift, and go to state 1
    IF     shift, and go to state 2
    READ   shift, and go to state 3
    WRITE  shift, and go to state 4
    LABEL  shift, and go to state 5
    KCOLB  shift, and go to state 140
    GOTO   shift, and go to state 6

    $default  reduce using rule 81 ($@7)

    command     go to state 38
    decl        go to state 10
    decl_var    go to state 11
    namelist    go to state 12
    decl_ref    go to state 13
    decl_label  go to state 14
    decl_func   go to state 15
    action      go to state 16
    assign      go to state 17
    io          go to state 18
    goto        go to state 19
    control     go to state 20
    cond        go to state 21
    cycle       go to state 22
    $@7         go to state 23


state 128

   80 cond: IF expr $@5 THEN block $@6 . ELSE block

    ELSE  shift, and go to state 141


state 129

    3 commands: commands . command
   83 cycle: $@7 WHILE expr $@8 LOOP commands . POOL

    NAME   shift, and go to state 1
    IF     shift, and go to state 2
    POOL   shift, and go to state 142
    READ   shift, and go to state 3
    WRITE  shift, and go to state 4
    LABEL  shift, and go to state 5
    GOTO   shift, and go to state 6

    $default  reduce using rule 81 ($@7)

    command     go to state 38
    decl        go to state 10
    decl_var    go to state 11
    namelist    go to state 12
    decl_ref    go to state 13
    decl_label  go to state 14
    decl_func   go to state 15
    action      go to state 16
    assign      go to state 17
    io          go to state 18
    goto        go to state 19
    control     go to state 20
    cond        go to state 21
    cycle       go to state 22
    $@7         go to state 23


state 130

   31 chain_param: NAME REF COLON . INTEGER
   32            | NAME REF COLON . INTEGER SEMICOLON
   33            | NAME REF COLON . STRING

    STRING   shift, and go to state 143
    INTEGER  shift, and go to state 144


state 131

   28 chain_param: chain_param NAME REF . COLON INTEGER SEMICOLON
   29            | chain_param NAME REF . COLON INTEGER
   30            | chain_param NAME REF . COLON STRING

    COLON  shift, and go to state 145


state 132

   43 func_block: BLOCK . $@2 program RETURN expr $@3 SEMICOLON KCOLB

    $default  reduce using rule 41 ($@2)

    $@2  go to state 146


state 133

   22 decl_func: NAME COLON STRING OBRACE chain_param CBRACE func_block .

    $default  reduce using rule 22 (decl_func)


state 134

   24 chain_param: chain_param namelist_decl COLON . INTEGER
   25            | chain_param namelist_decl COLON . INTEGER SEMICOLON
   26            | chain_param namelist_decl COLON . STRING
   27            | chain_param namelist_decl COLON . STRING SEMICOLON

    STRING   shift, and go to state 147
    INTEGER  shift, and go to state 148


state 135

   36 chain_param: namelist_decl COLON STRING . SEMICOLON
   37            | namelist_decl COLON STRING .

    SEMICOLON  shift, and go to state 149

    $default  reduce using rule 37 (chain_param)


state 136

   34 chain_param: namelist_decl COLON INTEGER . SEMICOLON
   35            | namelist_decl COLON INTEGER .

    SEMICOLON  shift, and go to state 150

    $default  reduce using rule 35 (chain_param)


state 137

   38 namelist_decl: namelist_decl COMA NAME .

    $default  reduce using rule 38 (namelist_decl)


state 138

   21 decl_func: NAME COLON INTEGER OBRACE $@1 chain_param CBRACE . func_block

    BLOCK  shift, and go to state 132

    func_block  go to state 151


state 139

   52 expr: expr . MUL expr
   53     | expr . DIV expr
   54     | expr . ADD expr
   55     | expr . SUB expr
   56     | expr . AND expr
   57     | expr . OR expr
   58     | expr . LT expr
   59     | expr . LE expr
   60     | expr . GT expr
   61     | expr . GE expr
   62     | expr . EQ expr
   63     | expr . NE expr
   74 act_params: act_params COMA expr .

    OR   shift, and go to state 51
    AND  shift, and go to state 52
    NE   shift, and go to state 53
    EQ   shift, and go to state 54
    GE   shift, and go to state 55
    LE   shift, and go to state 56
    GT   shift, and go to state 57
    LT   shift, and go to state 58
    SUB  shift, and go to state 59
    ADD  shift, and go to state 60
    DIV  shift, and go to state 61
    MUL  shift, and go to state 62

    $default  reduce using rule 74 (act_params)


state 140

   40 block: BLOCK commands KCOLB .

    $default  reduce using rule 40 (block)


state 141

   80 cond: IF expr $@5 THEN block $@6 ELSE . block

    BLOCK  shift, and go to state 111

    block  go to state 152


state 142

   83 cycle: $@7 WHILE expr $@8 LOOP commands POOL .

    $default  reduce using rule 83 (cycle)


state 143

   33 chain_param: NAME REF COLON STRING .

    $default  reduce using rule 33 (chain_param)


state 144

   31 chain_param: NAME REF COLON INTEGER .
   32            | NAME REF COLON INTEGER . SEMICOLON

    SEMICOLON  shift, and go to state 153

    $default  reduce using rule 31 (chain_param)


state 145

   28 chain_param: chain_param NAME REF COLON . INTEGER SEMICOLON
   29            | chain_param NAME REF COLON . INTEGER
   30            | chain_param NAME REF COLON . STRING

    STRING   shift, and go to state 154
    INTEGER  shift, and go to state 155


state 146

   43 func_block: BLOCK $@2 . program RETURN expr $@3 SEMICOLON KCOLB

    NAME   shift, and go to state 1
    IF     shift, and go to state 2
    READ   shift, and go to state 3
    WRITE  shift, and go to state 4
    LABEL  shift, and go to state 5
    GOTO   shift, and go to state 6

    WHILE     reduce using rule 81 ($@7)
    $default  reduce using rule 1 (program)

    program     go to state 156
    commands    go to state 8
    command     go to state 9
    decl        go to state 10
    decl_var    go to state 11
    namelist    go to state 12
    decl_ref    go to state 13
    decl_label  go to state 14
    decl_func   go to state 15
    action      go to state 16
    assign      go to state 17
    io          go to state 18
    goto        go to state 19
    control     go to state 20
    cond        go to state 21
    cycle       go to state 22
    $@7         go to state 23


state 147

   26 chain_param: chain_param namelist_decl COLON STRING .
   27            | chain_param namelist_decl COLON STRING . SEMICOLON

    SEMICOLON  shift, and go to state 157

    $default  reduce using rule 26 (chain_param)


state 148

   24 chain_param: chain_param namelist_decl COLON INTEGER .
   25            | chain_param namelist_decl COLON INTEGER . SEMICOLON

    SEMICOLON  shift, and go to state 158

    $default  reduce using rule 24 (chain_param)


state 149

   36 chain_param: namelist_decl COLON STRING SEMICOLON .

    $default  reduce using rule 36 (chain_param)


state 150

   34 chain_param: namelist_decl COLON INTEGER SEMICOLON .

    $default  reduce using rule 34 (chain_param)


state 151

   21 decl_func: NAME COLON INTEGER OBRACE $@1 chain_param CBRACE func_block .

    $default  reduce using rule 21 (decl_func)


state 152

   80 cond: IF expr $@5 THEN block $@6 ELSE block .

    $default  reduce using rule 80 (cond)


state 153

   32 chain_param: NAME REF COLON INTEGER SEMICOLON .

    $default  reduce using rule 32 (chain_param)


state 154

   30 chain_param: chain_param NAME REF COLON STRING .

    $default  reduce using rule 30 (chain_param)


state 155

   28 chain_param: chain_param NAME REF COLON INTEGER . SEMICOLON
   29            | chain_param NAME REF COLON INTEGER .

    SEMICOLON  shift, and go to state 159

    $default  reduce using rule 29 (chain_param)


state 156

   43 func_block: BLOCK $@2 program . RETURN expr $@3 SEMICOLON KCOLB

    RETURN  shift, and go to state 160


state 157

   27 chain_param: chain_param namelist_decl COLON STRING SEMICOLON .

    $default  reduce using rule 27 (chain_param)


state 158

   25 chain_param: chain_param namelist_decl COLON INTEGER SEMICOLON .

    $default  reduce using rule 25 (chain_param)


state 159

   28 chain_param: chain_param NAME REF COLON INTEGER SEMICOLON .

    $default  reduce using rule 28 (chain_param)


state 160

   43 func_block: BLOCK $@2 program RETURN . expr $@3 SEMICOLON KCOLB

    NUMBER       shift, and go to state 27
    NAME         shift, and go to state 28
    STRINGCONST  shift, and go to state 29
    OBRACE       shift, and go to state 30
    NOT          shift, and go to state 31

    expr  go to state 161


state 161

   43 func_block: BLOCK $@2 program RETURN expr . $@3 SEMICOLON KCOLB
   52 expr: expr . MUL expr
   53     | expr . DIV expr
   54     | expr . ADD expr
   55     | expr . SUB expr
   56     | expr . AND expr
   57     | expr . OR expr
   58     | expr . LT expr
   59     | expr . LE expr
   60     | expr . GT expr
   61     | expr . GE expr
   62     | expr . EQ expr
   63     | expr . NE expr

    OR   shift, and go to state 51
    AND  shift, and go to state 52
    NE   shift, and go to state 53
    EQ   shift, and go to state 54
    GE   shift, and go to state 55
    LE   shift, and go to state 56
    GT   shift, and go to state 57
    LT   shift, and go to state 58
    SUB  shift, and go to state 59
    ADD  shift, and go to state 60
    DIV  shift, and go to state 61
    MUL  shift, and go to state 62

    $default  reduce using rule 42 ($@3)

    $@3  go to state 162


state 162

   43 func_block: BLOCK $@2 program RETURN expr $@3 . SEMICOLON KCOLB

    SEMICOLON  shift, and go to state 163


state 163

   43 func_block: BLOCK $@2 program RETURN expr $@3 SEMICOLON . KCOLB

    KCOLB  shift, and go to state 164


state 164

   43 func_block: BLOCK $@2 program RETURN expr $@3 SEMICOLON KCOLB .

    $default  reduce using rule 43 (func_block)
